<?xml version="1.0" encoding="UTF-8"?>
<!-- Generated by org.testng.reporters.JUnitReportReporter -->
<testsuite hostname="DESKTOP-LHVOOHO" failures="0" tests="3" name="numpyninja.Tests.GraphTest" time="3.433" errors="0" timestamp="2022-09-26T17:11:45 EDT" skipped="0">
  <testcase classname="numpyninja.Tests.GraphTest" name="graphtopic" time="1.584"/>
  <system-out/>
  <testcase classname="numpyninja.Tests.GraphTest" name="graphRep" time="1.203"/>
  <system-out/>
  <testcase classname="numpyninja.Tests.GraphTest" name="practicequestions" time="0.646"/>
  <system-out/>
</testsuite> <!-- numpyninja.Tests.GraphTest -->
