<?xml version="1.0" encoding="UTF-8"?>
<!-- Generated by org.testng.reporters.JUnitReportReporter -->
<testsuite hostname="DESKTOP-LHVOOHO" failures="0" tests="4" name="numpyninja.Tests.DataStructureTest" time="2.852" errors="0" timestamp="2022-09-27T14:20:28 EDT" skipped="0">
  <testcase classname="numpyninja.Tests.DataStructureTest" name="TimeComplexity" time="0.277"/>
  <system-out/>
  <testcase classname="numpyninja.Tests.DataStructureTest" name="PracticeQuestion" time="0.246"/>
  <system-out/>
  <testcase classname="numpyninja.Tests.DataStructureTest" name="TryHere" time="1.622"/>
  <system-out/>
  <testcase classname="numpyninja.Tests.DataStructureTest" name="TryEditor" time="0.707"/>
  <system-out/>
</testsuite> <!-- numpyninja.Tests.DataStructureTest -->
