<?xml version="1.0" encoding="UTF-8"?>
<!-- Generated by org.testng.reporters.JUnitReportReporter -->
<testsuite hostname="DESKTOP-LHVOOHO" failures="0" tests="5" name="numpyninja.Tests.QueueTest" time="5.301" errors="0" timestamp="2022-10-02T00:24:24 EDT" skipped="0">
  <testcase classname="numpyninja.Tests.QueueTest" name="impqueuebypython" time="2.015"/>
  <system-out/>
  <testcase classname="numpyninja.Tests.QueueTest" name="impusingcollectionsdeque" time="0.889"/>
  <system-out/>
  <testcase classname="numpyninja.Tests.QueueTest" name="impusingarray" time="0.898"/>
  <system-out/>
  <testcase classname="numpyninja.Tests.QueueTest" name="queueoperations" time="0.956"/>
  <system-out/>
  <testcase classname="numpyninja.Tests.QueueTest" name="practicequestions" time="0.543"/>
  <system-out/>
</testsuite> <!-- numpyninja.Tests.QueueTest -->
