<?xml version="1.0" encoding="UTF-8"?>
<!-- Generated by org.testng.reporters.JUnitReportReporter -->
<testsuite hostname="DESKTOP-LHVOOHO" failures="0" tests="7" name="numpyninja.Tests.LinkedListTest" time="14.813" errors="0" timestamp="2022-10-02T00:24:24 EDT" skipped="0">
  <testcase classname="numpyninja.Tests.LinkedListTest" name="introLinkedlist" time="7.266"/>
  <system-out/>
  <testcase classname="numpyninja.Tests.LinkedListTest" name="creatingLinkedList" time="1.460"/>
  <system-out/>
  <testcase classname="numpyninja.Tests.LinkedListTest" name="typeOfLinkedList" time="1.877"/>
  <system-out/>
  <testcase classname="numpyninja.Tests.LinkedListTest" name="implementLinkedList" time="1.126"/>
  <system-out/>
  <testcase classname="numpyninja.Tests.LinkedListTest" name="traversal" time="0.982"/>
  <system-out/>
  <testcase classname="numpyninja.Tests.LinkedListTest" name="deletion" time="0.901"/>
  <system-out/>
  <testcase classname="numpyninja.Tests.LinkedListTest" name="practiceQuestion" time="1.201"/>
  <system-out/>
</testsuite> <!-- numpyninja.Tests.LinkedListTest -->
