<?xml version="1.0" encoding="UTF-8"?>
<!-- Generated by org.testng.reporters.JUnitReportReporter -->
<testsuite hostname="DESKTOP-LHVOOHO" failures="0" tests="4" name="numpyninja.Tests.StackTest" time="4.349" errors="0" timestamp="2022-09-27T14:20:28 EDT" skipped="0">
  <testcase classname="numpyninja.Tests.StackTest" name="OperationInStack" time="2.488"/>
  <system-out/>
  <testcase classname="numpyninja.Tests.StackTest" name="implementation" time="0.788"/>
  <system-out/>
  <testcase classname="numpyninja.Tests.StackTest" name="applications" time="0.811"/>
  <system-out/>
  <testcase classname="numpyninja.Tests.StackTest" name="practiceQuestion1" time="0.262"/>
  <system-out/>
</testsuite> <!-- numpyninja.Tests.StackTest -->
