<?xml version="1.0" encoding="UTF-8"?>
<!-- Generated by org.testng.reporters.JUnitReportReporter -->
<testsuite hostname="LAPTOP-P9Q7UVUD" failures="0" tests="1" name="numpyninja.Tests.SignInTest" time="16.061" errors="0" timestamp="2022-10-04T15:50:44 EDT" skipped="0">
  <testcase classname="numpyninja.Tests.SignInTest" name="dslogin" time="16.061"/>
  <system-out/>
</testsuite> <!-- numpyninja.Tests.SignInTest -->
