<?xml version="1.0" encoding="UTF-8"?>
<!-- Generated by org.testng.reporters.JUnitReportReporter -->
<testsuite hostname="DESKTOP-LHVOOHO" failures="0" tests="4" name="numpyninja.Tests.DataStructureTest" time="3.534" errors="0" timestamp="2022-10-02T00:24:24 EDT" skipped="0">
  <testcase classname="numpyninja.Tests.DataStructureTest" name="TimeComplexity" time="0.429"/>
  <system-out/>
  <testcase classname="numpyninja.Tests.DataStructureTest" name="PracticeQuestion" time="0.382"/>
  <system-out/>
  <testcase classname="numpyninja.Tests.DataStructureTest" name="TryHere" time="1.750"/>
  <system-out/>
  <testcase classname="numpyninja.Tests.DataStructureTest" name="TryEditor" time="0.973"/>
  <system-out/>
</testsuite> <!-- numpyninja.Tests.DataStructureTest -->
