<?xml version="1.0" encoding="UTF-8"?>
<!-- Generated by org.testng.reporters.JUnitReportReporter -->
<testsuite hostname="DESKTOP-LHVOOHO" failures="0" tests="1" name="numpyninja.Tests.SignInTest" time="4.787" errors="0" timestamp="2022-09-26T16:59:56 EDT" skipped="0">
  <testcase classname="numpyninja.Tests.SignInTest" name="dslogin" time="4.787"/>
  <system-out/>
</testsuite> <!-- numpyninja.Tests.SignInTest -->
