<?xml version="1.0" encoding="UTF-8"?>
<!-- Generated by org.testng.reporters.JUnitReportReporter -->
<testsuite hostname="DESKTOP-LHVOOHO" failures="0" tests="10" name="numpyninja.Tests.ArrayTest" time="15.672" errors="0" timestamp="2022-09-22T20:27:09 EDT" skipped="0">
  <testcase classname="numpyninja.Tests.ArrayTest" name="introArrayPage" time="2.252"/>
  <system-out/>
  <testcase classname="numpyninja.Tests.ArrayTest" name="ArraysInPythonClick" time="3.755"/>
  <system-out/>
  <testcase classname="numpyninja.Tests.ArrayTest" name="ArraysusinglistClick" time="1.542"/>
  <system-out/>
  <testcase classname="numpyninja.Tests.ArrayTest" name="BasicoperationsClick" time="1.459"/>
  <system-out/>
  <testcase classname="numpyninja.Tests.ArrayTest" name="ApplicationofarraysClick" time="1.202"/>
  <system-out/>
  <testcase classname="numpyninja.Tests.ArrayTest" name="PracticequestionsClick" time="0.337"/>
  <system-out/>
  <testcase classname="numpyninja.Tests.ArrayTest" name="SearchTheArrayClick" time="1.387"/>
  <system-out/>
  <testcase classname="numpyninja.Tests.ArrayTest" name="MaxConsecutiveOnesClick" time="1.117"/>
  <system-out/>
  <testcase classname="numpyninja.Tests.ArrayTest" name="FindNumbersClick" time="0.937"/>
  <system-out/>
  <testcase classname="numpyninja.Tests.ArrayTest" name="SquaresTabClick" time="1.684"/>
  <system-out/>
</testsuite> <!-- numpyninja.Tests.ArrayTest -->
