<?xml version="1.0" encoding="UTF-8"?>
<!-- Generated by org.testng.reporters.JUnitReportReporter -->
<testsuite hostname="LAPTOP-P9Q7UVUD" failures="0" tests="9" name="numpyninja.Tests.ArrayTest" time="28.900" errors="0" timestamp="2022-10-04T15:50:44 EDT" skipped="0">
  <testcase classname="numpyninja.Tests.ArrayTest" name="ArraysInPythonClick" time="3.762"/>
  <system-out/>
  <testcase classname="numpyninja.Tests.ArrayTest" name="ArraysusinglistClick" time="3.172"/>
  <system-out/>
  <testcase classname="numpyninja.Tests.ArrayTest" name="BasicoperationsClick" time="3.555"/>
  <system-out/>
  <testcase classname="numpyninja.Tests.ArrayTest" name="ApplicationofarraysClick" time="2.706"/>
  <system-out/>
  <testcase classname="numpyninja.Tests.ArrayTest" name="PracticequestionsClick" time="1.169"/>
  <system-out/>
  <testcase classname="numpyninja.Tests.ArrayTest" name="SearchTheArrayClick" time="4.758"/>
  <system-out/>
  <testcase classname="numpyninja.Tests.ArrayTest" name="MaxConsecutiveOnesClick" time="2.886"/>
  <system-out/>
  <testcase classname="numpyninja.Tests.ArrayTest" name="FindNumbersClick" time="2.279"/>
  <system-out/>
  <testcase classname="numpyninja.Tests.ArrayTest" name="SquaresTabClick" time="4.613"/>
  <system-out/>
</testsuite> <!-- numpyninja.Tests.ArrayTest -->
