<?xml version="1.0" encoding="UTF-8"?>
<!-- Generated by org.testng.reporters.JUnitReportReporter -->
<testsuite hostname="DESKTOP-LHVOOHO" failures="0" tests="5" name="numpyninja.Tests.ResisterTest" time="0.000" errors="0" timestamp="2022-09-21T10:44:56 EDT" skipped="5">
  <testcase classname="numpyninja.Tests.ResisterTest" name="RegisterWithEmptyField" time="0.000">
    <skipped/>
  </testcase> <!-- RegisterWithEmptyField -->
  <system-out/>
  <testcase classname="numpyninja.Tests.ResisterTest" name="EmptyPasswordTest" time="0.000">
    <skipped/>
  </testcase> <!-- EmptyPasswordTest -->
  <system-out/>
  <testcase classname="numpyninja.Tests.ResisterTest" name="EmptyConfirmPassword" time="0.000">
    <skipped/>
  </testcase> <!-- EmptyConfirmPassword -->
  <system-out/>
  <testcase classname="numpyninja.Tests.ResisterTest" name="DiffPassword" time="0.000">
    <skipped/>
  </testcase> <!-- DiffPassword -->
  <system-out/>
  <testcase classname="numpyninja.Tests.ResisterTest" name="Register" time="0.000">
    <skipped/>
  </testcase> <!-- Register -->
  <system-out/>
</testsuite> <!-- numpyninja.Tests.ResisterTest -->
