<?xml version="1.0" encoding="UTF-8"?>
<!-- Generated by org.testng.reporters.JUnitReportReporter -->
<testsuite hostname="DESKTOP-LHVOOHO" failures="0" tests="5" name="numpyninja.Tests.DataStructureTest" time="4.682" errors="0" timestamp="2022-09-27T11:37:10 EDT" skipped="0">
  <testcase classname="numpyninja.Tests.DataStructureTest" name="introDatastructure" time="1.687"/>
  <system-out/>
  <testcase classname="numpyninja.Tests.DataStructureTest" name="TimeComplexity" time="0.412"/>
  <system-out/>
  <testcase classname="numpyninja.Tests.DataStructureTest" name="PracticeQuestion" time="0.373"/>
  <system-out/>
  <testcase classname="numpyninja.Tests.DataStructureTest" name="TryHere" time="1.491"/>
  <system-out/>
  <testcase classname="numpyninja.Tests.DataStructureTest" name="TryEditor" time="0.719"/>
  <system-out/>
</testsuite> <!-- numpyninja.Tests.DataStructureTest -->
