<?xml version="1.0" encoding="UTF-8"?>
<!-- Generated by org.testng.reporters.JUnitReportReporter -->
<testsuite hostname="LAPTOP-P9Q7UVUD" failures="0" tests="5" name="numpyninja.Tests.QueueTest" time="7.326" errors="0" timestamp="2022-09-22T10:26:24 EDT" skipped="0">
  <testcase classname="numpyninja.Tests.QueueTest" name="impqueuebypython" time="1.657"/>
  <system-out/>
  <testcase classname="numpyninja.Tests.QueueTest" name="impusingcollectionsdeque" time="1.460"/>
  <system-out/>
  <testcase classname="numpyninja.Tests.QueueTest" name="impusingarray" time="1.616"/>
  <system-out/>
  <testcase classname="numpyninja.Tests.QueueTest" name="queueoperations" time="1.646"/>
  <system-out/>
  <testcase classname="numpyninja.Tests.QueueTest" name="practicequestions" time="0.947"/>
  <system-out/>
</testsuite> <!-- numpyninja.Tests.QueueTest -->
