<?xml version="1.0" encoding="UTF-8"?>
<!-- Generated by org.testng.reporters.JUnitReportReporter -->
<testsuite hostname="DESKTOP-LHVOOHO" failures="0" tests="1" name="numpyninja.Tests.LandingPageTest" time="0.000" errors="0" timestamp="2022-09-21T10:44:56 EDT" skipped="1">
  <testcase classname="numpyninja.Tests.LandingPageTest" name="goToPage" time="0.000">
    <skipped/>
  </testcase> <!-- goToPage -->
  <system-out/>
</testsuite> <!-- numpyninja.Tests.LandingPageTest -->
