<?xml version="1.0" encoding="UTF-8"?>
<!-- Generated by org.testng.reporters.JUnitReportReporter -->
<testsuite hostname="DESKTOP-LHVOOHO" failures="0" tests="4" name="numpyninja.Tests.StackTest" time="4.701" errors="0" timestamp="2022-09-27T11:37:10 EDT" skipped="0">
  <testcase classname="numpyninja.Tests.StackTest" name="OperationInStack" time="2.736"/>
  <system-out/>
  <testcase classname="numpyninja.Tests.StackTest" name="implementation" time="0.842"/>
  <system-out/>
  <testcase classname="numpyninja.Tests.StackTest" name="applications" time="0.855"/>
  <system-out/>
  <testcase classname="numpyninja.Tests.StackTest" name="practiceQuestion1" time="0.268"/>
  <system-out/>
</testsuite> <!-- numpyninja.Tests.StackTest -->
