<?xml version="1.0" encoding="UTF-8"?>
<!-- Generated by org.testng.reporters.JUnitReportReporter -->
<testsuite hostname="DESKTOP-LHVOOHO" failures="0" tests="13" name="numpyninja.Tests.TreeTest" time="15.525" errors="0" timestamp="2022-09-27T14:20:28 EDT" skipped="0">
  <testcase classname="numpyninja.Tests.TreeTest" name="getOverviewOfTreesLink" time="2.029"/>
  <system-out/>
  <testcase classname="numpyninja.Tests.TreeTest" name="getTerminologiesLink" time="0.976"/>
  <system-out/>
  <testcase classname="numpyninja.Tests.TreeTest" name="getTypesOfTreesLink" time="0.942"/>
  <system-out/>
  <testcase classname="numpyninja.Tests.TreeTest" name="getTreeTraversalsLink" time="1.170"/>
  <system-out/>
  <testcase classname="numpyninja.Tests.TreeTest" name="getTraversalsIllustrationLink" time="1.129"/>
  <system-out/>
  <testcase classname="numpyninja.Tests.TreeTest" name="getBinaryTreesLink" time="1.035"/>
  <system-out/>
  <testcase classname="numpyninja.Tests.TreeTest" name="getTypesOfBinaryTreesLink" time="1.277"/>
  <system-out/>
  <testcase classname="numpyninja.Tests.TreeTest" name="getImplementaionInPythonLink" time="0.971"/>
  <system-out/>
  <testcase classname="numpyninja.Tests.TreeTest" name="getBinaryTreeTraversalsLink" time="1.125"/>
  <system-out/>
  <testcase classname="numpyninja.Tests.TreeTest" name="getImplementationOfbinaryTreeLink" time="1.152"/>
  <system-out/>
  <testcase classname="numpyninja.Tests.TreeTest" name="getApplicationOfbinaryTreeLink" time="1.002"/>
  <system-out/>
  <testcase classname="numpyninja.Tests.TreeTest" name="getBinarySearchTreesLink" time="1.654"/>
  <system-out/>
  <testcase classname="numpyninja.Tests.TreeTest" name="getImplementationOfBSTLink" time="1.063"/>
  <system-out/>
</testsuite> <!-- numpyninja.Tests.TreeTest -->
