<?xml version="1.0" encoding="UTF-8"?>
<!-- Generated by org.testng.reporters.JUnitReportReporter -->
<testsuite hostname="DESKTOP-LHVOOHO" failures="0" tests="4" name="numpyninja.Tests.ResisterTest" time="1.395" errors="0" timestamp="2022-09-27T11:37:10 EDT" skipped="0">
  <testcase classname="numpyninja.Tests.ResisterTest" name="RegisterWithEmptyField" time="0.208"/>
  <system-out/>
  <testcase classname="numpyninja.Tests.ResisterTest" name="EmptyPasswordTest" time="0.236"/>
  <system-out/>
  <testcase classname="numpyninja.Tests.ResisterTest" name="EmptyConfirmPassword" time="0.350"/>
  <system-out/>
  <testcase classname="numpyninja.Tests.ResisterTest" name="DiffPassword" time="0.601"/>
  <system-out/>
</testsuite> <!-- numpyninja.Tests.ResisterTest -->
