<?xml version="1.0" encoding="UTF-8"?>
<!-- Generated by org.testng.reporters.JUnitReportReporter -->
<testsuite hostname="LAPTOP-P9Q7UVUD" failures="0" tests="7" name="numpyninja.Tests.LinkedListTest" time="21.756" errors="0" timestamp="2022-10-04T15:50:44 EDT" skipped="0">
  <testcase classname="numpyninja.Tests.LinkedListTest" name="introLinkedlist" time="2.542"/>
  <system-out/>
  <testcase classname="numpyninja.Tests.LinkedListTest" name="creatingLinkedList" time="3.094"/>
  <system-out/>
  <testcase classname="numpyninja.Tests.LinkedListTest" name="typeOfLinkedList" time="3.783"/>
  <system-out/>
  <testcase classname="numpyninja.Tests.LinkedListTest" name="implementLinkedList" time="2.393"/>
  <system-out/>
  <testcase classname="numpyninja.Tests.LinkedListTest" name="traversal" time="2.540"/>
  <system-out/>
  <testcase classname="numpyninja.Tests.LinkedListTest" name="deletion" time="2.522"/>
  <system-out/>
  <testcase classname="numpyninja.Tests.LinkedListTest" name="practiceQuestion" time="4.882"/>
  <system-out/>
</testsuite> <!-- numpyninja.Tests.LinkedListTest -->
