<?xml version="1.0" encoding="UTF-8"?>
<!-- Generated by org.testng.reporters.JUnitReportReporter -->
<testsuite hostname="DESKTOP-LHVOOHO" failures="0" tests="7" name="numpyninja.Tests.LinkedListTest" time="9.509" errors="0" timestamp="2022-09-27T11:37:10 EDT" skipped="0">
  <testcase classname="numpyninja.Tests.LinkedListTest" name="introLinkedlist" time="1.628"/>
  <system-out/>
  <testcase classname="numpyninja.Tests.LinkedListTest" name="creatingLinkedList" time="1.191"/>
  <system-out/>
  <testcase classname="numpyninja.Tests.LinkedListTest" name="typeOfLinkedList" time="1.515"/>
  <system-out/>
  <testcase classname="numpyninja.Tests.LinkedListTest" name="implementLinkedList" time="0.951"/>
  <system-out/>
  <testcase classname="numpyninja.Tests.LinkedListTest" name="traversal" time="1.131"/>
  <system-out/>
  <testcase classname="numpyninja.Tests.LinkedListTest" name="deletion" time="1.124"/>
  <system-out/>
  <testcase classname="numpyninja.Tests.LinkedListTest" name="practiceQuestion" time="1.969"/>
  <system-out/>
</testsuite> <!-- numpyninja.Tests.LinkedListTest -->
