<?xml version="1.0" encoding="UTF-8"?>
<!-- Generated by org.testng.reporters.JUnitReportReporter -->
<testsuite hostname="DESKTOP-LHVOOHO" failures="0" tests="5" name="numpyninja.Tests.DataStructureTest" time="6.040" errors="0" timestamp="2022-09-21T22:05:28 EDT" skipped="0">
  <testcase classname="numpyninja.Tests.DataStructureTest" name="introDatastructure" time="2.178"/>
  <system-out/>
  <testcase classname="numpyninja.Tests.DataStructureTest" name="TimeComplexity" time="0.818"/>
  <system-out/>
  <testcase classname="numpyninja.Tests.DataStructureTest" name="PracticeQuestion" time="0.417"/>
  <system-out/>
  <testcase classname="numpyninja.Tests.DataStructureTest" name="TryHere" time="2.291"/>
  <system-out/>
  <testcase classname="numpyninja.Tests.DataStructureTest" name="TryEditor" time="0.336"/>
  <system-out/>
</testsuite> <!-- numpyninja.Tests.DataStructureTest -->
