<?xml version="1.0" encoding="UTF-8"?>
<!-- Generated by org.testng.reporters.JUnitReportReporter -->
<testsuite hostname="DESKTOP-LHVOOHO" failures="0" tests="1" name="numpyninja.Tests.LandingPageTest" time="4.524" errors="0" timestamp="2022-09-27T14:41:05 EDT" skipped="0">
  <testcase classname="numpyninja.Tests.LandingPageTest" name="goToPage" time="4.524"/>
  <system-out/>
</testsuite> <!-- numpyninja.Tests.LandingPageTest -->
