<?xml version="1.0" encoding="UTF-8"?>
<!-- Generated by org.testng.reporters.JUnitReportReporter -->
<testsuite hostname="DESKTOP-LHVOOHO" failures="0" tests="4" name="numpyninja.Tests.StackTest" time="0.000" errors="0" timestamp="2022-09-21T10:44:56 EDT" skipped="4">
  <testcase classname="numpyninja.Tests.StackTest" name="OperationInStack" time="0.000">
    <skipped/>
  </testcase> <!-- OperationInStack -->
  <system-out/>
  <testcase classname="numpyninja.Tests.StackTest" name="implementation" time="0.000">
    <skipped/>
  </testcase> <!-- implementation -->
  <system-out/>
  <testcase classname="numpyninja.Tests.StackTest" name="applications" time="0.000">
    <skipped/>
  </testcase> <!-- applications -->
  <system-out/>
  <testcase classname="numpyninja.Tests.StackTest" name="practiceQuestion1" time="0.000">
    <skipped/>
  </testcase> <!-- practiceQuestion1 -->
  <system-out/>
</testsuite> <!-- numpyninja.Tests.StackTest -->
