<?xml version="1.0" encoding="UTF-8"?>
<!-- Generated by org.testng.reporters.JUnitReportReporter -->
<testsuite hostname="DESKTOP-LHVOOHO" failures="0" tests="5" name="numpyninja.Tests.QueueTest" time="7.601" errors="0" timestamp="2022-09-26T16:59:56 EDT" skipped="0">
  <testcase classname="numpyninja.Tests.QueueTest" name="impqueuebypython" time="2.579"/>
  <system-out/>
  <testcase classname="numpyninja.Tests.QueueTest" name="impusingcollectionsdeque" time="1.233"/>
  <system-out/>
  <testcase classname="numpyninja.Tests.QueueTest" name="impusingarray" time="1.655"/>
  <system-out/>
  <testcase classname="numpyninja.Tests.QueueTest" name="queueoperations" time="1.380"/>
  <system-out/>
  <testcase classname="numpyninja.Tests.QueueTest" name="practicequestions" time="0.754"/>
  <system-out/>
</testsuite> <!-- numpyninja.Tests.QueueTest -->
