<?xml version="1.0" encoding="UTF-8"?>
<!-- Generated by org.testng.reporters.JUnitReportReporter -->
<testsuite hostname="LAPTOP-P9Q7UVUD" failures="0" tests="5" name="numpyninja.Tests.QueueTest" time="15.105" errors="0" timestamp="2022-10-04T15:50:44 EDT" skipped="0">
  <testcase classname="numpyninja.Tests.QueueTest" name="impqueuebypython" time="2.539"/>
  <system-out/>
  <testcase classname="numpyninja.Tests.QueueTest" name="impusingcollectionsdeque" time="4.137"/>
  <system-out/>
  <testcase classname="numpyninja.Tests.QueueTest" name="impusingarray" time="2.965"/>
  <system-out/>
  <testcase classname="numpyninja.Tests.QueueTest" name="queueoperations" time="2.829"/>
  <system-out/>
  <testcase classname="numpyninja.Tests.QueueTest" name="practicequestions" time="2.635"/>
  <system-out/>
</testsuite> <!-- numpyninja.Tests.QueueTest -->
