<?xml version="1.0" encoding="UTF-8"?>
<!-- Generated by org.testng.reporters.JUnitReportReporter -->
<testsuite hostname="DESKTOP-LHVOOHO" failures="0" tests="2" name="numpyninja.Tests.TreeTest" time="5.818" errors="0" timestamp="2022-09-26T11:15:05 EDT" skipped="0">
  <testcase classname="numpyninja.Tests.TreeTest" name="introTree" time="1.556"/>
  <system-out/>
  <testcase classname="numpyninja.Tests.TreeTest" name="clickGetStartedTreee" time="4.262"/>
  <system-out/>
</testsuite> <!-- numpyninja.Tests.TreeTest -->
