<?xml version="1.0" encoding="UTF-8"?>
<!-- Generated by org.testng.reporters.JUnitReportReporter -->
<testsuite hostname="DESKTOP-LHVOOHO" failures="0" tests="13" name="numpyninja.Tests.TreeTest" time="17.229" errors="0" timestamp="2022-10-02T00:24:24 EDT" skipped="0">
  <testcase classname="numpyninja.Tests.TreeTest" name="getOverviewOfTreesLink" time="2.643"/>
  <system-out/>
  <testcase classname="numpyninja.Tests.TreeTest" name="getTerminologiesLink" time="1.014"/>
  <system-out/>
  <testcase classname="numpyninja.Tests.TreeTest" name="getTypesOfTreesLink" time="1.056"/>
  <system-out/>
  <testcase classname="numpyninja.Tests.TreeTest" name="getTreeTraversalsLink" time="1.301"/>
  <system-out/>
  <testcase classname="numpyninja.Tests.TreeTest" name="getTraversalsIllustrationLink" time="1.137"/>
  <system-out/>
  <testcase classname="numpyninja.Tests.TreeTest" name="getBinaryTreesLink" time="1.144"/>
  <system-out/>
  <testcase classname="numpyninja.Tests.TreeTest" name="getTypesOfBinaryTreesLink" time="1.652"/>
  <system-out/>
  <testcase classname="numpyninja.Tests.TreeTest" name="getImplementaionInPythonLink" time="1.152"/>
  <system-out/>
  <testcase classname="numpyninja.Tests.TreeTest" name="getBinaryTreeTraversalsLink" time="0.980"/>
  <system-out/>
  <testcase classname="numpyninja.Tests.TreeTest" name="getImplementationOfbinaryTreeLink" time="1.042"/>
  <system-out/>
  <testcase classname="numpyninja.Tests.TreeTest" name="getApplicationOfbinaryTreeLink" time="1.337"/>
  <system-out/>
  <testcase classname="numpyninja.Tests.TreeTest" name="getBinarySearchTreesLink" time="1.812"/>
  <system-out/>
  <testcase classname="numpyninja.Tests.TreeTest" name="getImplementationOfBSTLink" time="0.959"/>
  <system-out/>
</testsuite> <!-- numpyninja.Tests.TreeTest -->
