<?xml version="1.0" encoding="UTF-8"?>
<!-- Generated by org.testng.reporters.JUnitReportReporter -->
<testsuite hostname="DESKTOP-LHVOOHO" failures="0" tests="5" name="numpyninja.Tests.DataStructureTest" time="3.926" errors="0" timestamp="2022-09-26T16:59:56 EDT" skipped="0">
  <testcase classname="numpyninja.Tests.DataStructureTest" name="introDatastructure" time="1.289"/>
  <system-out/>
  <testcase classname="numpyninja.Tests.DataStructureTest" name="TimeComplexity" time="0.299"/>
  <system-out/>
  <testcase classname="numpyninja.Tests.DataStructureTest" name="PracticeQuestion" time="0.312"/>
  <system-out/>
  <testcase classname="numpyninja.Tests.DataStructureTest" name="TryHere" time="1.437"/>
  <system-out/>
  <testcase classname="numpyninja.Tests.DataStructureTest" name="TryEditor" time="0.589"/>
  <system-out/>
</testsuite> <!-- numpyninja.Tests.DataStructureTest -->
