<?xml version="1.0" encoding="UTF-8"?>
<!-- Generated by org.testng.reporters.JUnitReportReporter -->
<testsuite hostname="DESKTOP-LHVOOHO" failures="0" tests="1" name="numpyninja.Tests.LandingPageTest" time="5.726" errors="0" timestamp="2022-09-27T11:37:10 EDT" skipped="0">
  <testcase classname="numpyninja.Tests.LandingPageTest" name="goToPage" time="5.726"/>
  <system-out/>
</testsuite> <!-- numpyninja.Tests.LandingPageTest -->
