<?xml version="1.0" encoding="UTF-8"?>
<!-- Generated by org.testng.reporters.JUnitReportReporter -->
<testsuite hostname="DESKTOP-LHVOOHO" failures="0" tests="1" name="numpyninja.Tests.DataStructureTest" time="0.498" errors="0" timestamp="2022-09-14T21:56:47 EDT" skipped="0">
  <testcase classname="numpyninja.Tests.DataStructureTest" name="dropdownclick" time="0.498"/>
  <system-out/>
</testsuite> <!-- numpyninja.Tests.DataStructureTest -->
