<?xml version="1.0" encoding="UTF-8"?>
<!-- Generated by org.testng.reporters.JUnitReportReporter -->
<testsuite hostname="LAPTOP-P9Q7UVUD" failures="0" tests="4" name="numpyninja.Tests.ResisterTest" time="8.688" errors="0" timestamp="2022-10-04T15:50:44 EDT" skipped="0">
  <testcase classname="numpyninja.Tests.ResisterTest" name="RegisterWithEmptyField" time="1.926"/>
  <system-out/>
  <testcase classname="numpyninja.Tests.ResisterTest" name="EmptyPasswordTest" time="2.549"/>
  <system-out/>
  <testcase classname="numpyninja.Tests.ResisterTest" name="EmptyConfirmPassword" time="1.584"/>
  <system-out/>
  <testcase classname="numpyninja.Tests.ResisterTest" name="DiffPassword" time="2.629"/>
  <system-out/>
</testsuite> <!-- numpyninja.Tests.ResisterTest -->
