<?xml version="1.0" encoding="UTF-8"?>
<!-- Generated by org.testng.reporters.JUnitReportReporter -->
<testsuite hostname="DESKTOP-LHVOOHO" failures="0" tests="5" name="numpyninja.Tests.QueueTest" time="5.941" errors="0" timestamp="2022-09-27T11:37:10 EDT" skipped="0">
  <testcase classname="numpyninja.Tests.QueueTest" name="impqueuebypython" time="2.087"/>
  <system-out/>
  <testcase classname="numpyninja.Tests.QueueTest" name="impusingcollectionsdeque" time="1.070"/>
  <system-out/>
  <testcase classname="numpyninja.Tests.QueueTest" name="impusingarray" time="1.055"/>
  <system-out/>
  <testcase classname="numpyninja.Tests.QueueTest" name="queueoperations" time="1.031"/>
  <system-out/>
  <testcase classname="numpyninja.Tests.QueueTest" name="practicequestions" time="0.698"/>
  <system-out/>
</testsuite> <!-- numpyninja.Tests.QueueTest -->
