<?xml version="1.0" encoding="UTF-8"?>
<!-- Generated by org.testng.reporters.JUnitReportReporter -->
<testsuite hostname="DESKTOP-LHVOOHO" failures="0" tests="10" name="numpyninja.Tests.ArrayTest" time="9.408" errors="0" timestamp="2022-09-26T16:59:56 EDT" skipped="0">
  <testcase classname="numpyninja.Tests.ArrayTest" name="introArrayPage" time="1.377"/>
  <system-out/>
  <testcase classname="numpyninja.Tests.ArrayTest" name="ArraysInPythonClick" time="2.150"/>
  <system-out/>
  <testcase classname="numpyninja.Tests.ArrayTest" name="ArraysusinglistClick" time="0.959"/>
  <system-out/>
  <testcase classname="numpyninja.Tests.ArrayTest" name="BasicoperationsClick" time="0.890"/>
  <system-out/>
  <testcase classname="numpyninja.Tests.ArrayTest" name="ApplicationofarraysClick" time="0.856"/>
  <system-out/>
  <testcase classname="numpyninja.Tests.ArrayTest" name="PracticequestionsClick" time="0.234"/>
  <system-out/>
  <testcase classname="numpyninja.Tests.ArrayTest" name="SearchTheArrayClick" time="0.878"/>
  <system-out/>
  <testcase classname="numpyninja.Tests.ArrayTest" name="MaxConsecutiveOnesClick" time="0.561"/>
  <system-out/>
  <testcase classname="numpyninja.Tests.ArrayTest" name="FindNumbersClick" time="0.558"/>
  <system-out/>
  <testcase classname="numpyninja.Tests.ArrayTest" name="SquaresTabClick" time="0.945"/>
  <system-out/>
</testsuite> <!-- numpyninja.Tests.ArrayTest -->
