<?xml version="1.0" encoding="UTF-8"?>
<!-- Generated by org.testng.reporters.JUnitReportReporter -->
<testsuite hostname="DESKTOP-LHVOOHO" failures="0" tests="10" name="numpyninja.Tests.ArrayTest" time="12.359" errors="0" timestamp="2022-09-27T11:37:10 EDT" skipped="0">
  <testcase classname="numpyninja.Tests.ArrayTest" name="introArrayPage" time="1.613"/>
  <system-out/>
  <testcase classname="numpyninja.Tests.ArrayTest" name="ArraysInPythonClick" time="2.871"/>
  <system-out/>
  <testcase classname="numpyninja.Tests.ArrayTest" name="ArraysusinglistClick" time="1.347"/>
  <system-out/>
  <testcase classname="numpyninja.Tests.ArrayTest" name="BasicoperationsClick" time="1.265"/>
  <system-out/>
  <testcase classname="numpyninja.Tests.ArrayTest" name="ApplicationofarraysClick" time="1.154"/>
  <system-out/>
  <testcase classname="numpyninja.Tests.ArrayTest" name="PracticequestionsClick" time="0.379"/>
  <system-out/>
  <testcase classname="numpyninja.Tests.ArrayTest" name="SearchTheArrayClick" time="1.189"/>
  <system-out/>
  <testcase classname="numpyninja.Tests.ArrayTest" name="MaxConsecutiveOnesClick" time="0.734"/>
  <system-out/>
  <testcase classname="numpyninja.Tests.ArrayTest" name="FindNumbersClick" time="0.694"/>
  <system-out/>
  <testcase classname="numpyninja.Tests.ArrayTest" name="SquaresTabClick" time="1.113"/>
  <system-out/>
</testsuite> <!-- numpyninja.Tests.ArrayTest -->
