<?xml version="1.0" encoding="UTF-8"?>
<!-- Generated by org.testng.reporters.JUnitReportReporter -->
<testsuite hostname="LAPTOP-P9Q7UVUD" failures="0" tests="4" name="numpyninja.Tests.DataStructureTest" time="5.478" errors="0" timestamp="2022-10-04T15:50:44 EDT" skipped="0">
  <testcase classname="numpyninja.Tests.DataStructureTest" name="TimeComplexity" time="0.903"/>
  <system-out/>
  <testcase classname="numpyninja.Tests.DataStructureTest" name="PracticeQuestion" time="0.900"/>
  <system-out/>
  <testcase classname="numpyninja.Tests.DataStructureTest" name="TryHere" time="1.403"/>
  <system-out/>
  <testcase classname="numpyninja.Tests.DataStructureTest" name="TryEditor" time="2.272"/>
  <system-out/>
</testsuite> <!-- numpyninja.Tests.DataStructureTest -->
