<?xml version="1.0" encoding="UTF-8"?>
<!-- Generated by org.testng.reporters.JUnitReportReporter -->
<testsuite hostname="DESKTOP-LHVOOHO" failures="0" tests="1" name="numpyninja.Resources.listnerclass" time="0.240" errors="0" timestamp="2022-09-26T16:59:56 EDT" skipped="0">
  <testcase classname="numpyninja.Resources.listnerclass" name="f" time="0.240"/>
  <system-out/>
</testsuite> <!-- numpyninja.Resources.listnerclass -->
