<?xml version="1.0" encoding="UTF-8"?>
<!-- Generated by org.testng.reporters.JUnitReportReporter -->
<testsuite hostname="LAPTOP-P9Q7UVUD" failures="0" tests="3" name="numpyninja.Tests.GraphTest" time="8.263" errors="0" timestamp="2022-10-04T15:50:44 EDT" skipped="0">
  <testcase classname="numpyninja.Tests.GraphTest" name="graphtopic" time="3.064"/>
  <system-out/>
  <testcase classname="numpyninja.Tests.GraphTest" name="graphRep" time="3.217"/>
  <system-out/>
  <testcase classname="numpyninja.Tests.GraphTest" name="practicequestions" time="1.982"/>
  <system-out/>
</testsuite> <!-- numpyninja.Tests.GraphTest -->
