<?xml version="1.0" encoding="UTF-8"?>
<!-- Generated by org.testng.reporters.JUnitReportReporter -->
<testsuite hostname="DESKTOP-LHVOOHO" failures="0" tests="10" name="numpyninja.Tests.HomeTest" time="4.666" errors="0" timestamp="2022-09-22T12:07:54 EDT" skipped="0">
  <testcase classname="numpyninja.Tests.HomeTest" name="dropdownclick" time="0.743"/>
  <system-out/>
  <testcase classname="numpyninja.Tests.HomeTest" name="DSgetstarted" time="0.488"/>
  <system-out/>
  <testcase classname="numpyninja.Tests.HomeTest" name="Arraygetstarted" time="0.483"/>
  <system-out/>
  <testcase classname="numpyninja.Tests.HomeTest" name="linkedListgetstarted" time="0.491"/>
  <system-out/>
  <testcase classname="numpyninja.Tests.HomeTest" name="stackGetstarted" time="0.429"/>
  <system-out/>
  <testcase classname="numpyninja.Tests.HomeTest" name="queueGetstarted" time="0.447"/>
  <system-out/>
  <testcase classname="numpyninja.Tests.HomeTest" name="treeGetstarted" time="0.407"/>
  <system-out/>
  <testcase classname="numpyninja.Tests.HomeTest" name="graphGetstarted" time="0.508"/>
  <system-out/>
  <testcase classname="numpyninja.Tests.HomeTest" name="SigninValidation" time="0.332"/>
  <system-out/>
  <testcase classname="numpyninja.Tests.HomeTest" name="RegisterValidation" time="0.338"/>
  <system-out/>
</testsuite> <!-- numpyninja.Tests.HomeTest -->
