<?xml version="1.0" encoding="UTF-8"?>
<!-- Generated by org.testng.reporters.JUnitReportReporter -->
<testsuite hostname="DESKTOP-LHVOOHO" failures="0" tests="4" name="numpyninja.Tests.ResisterTest" time="2.815" errors="0" timestamp="2022-10-02T00:24:24 EDT" skipped="0">
  <testcase classname="numpyninja.Tests.ResisterTest" name="RegisterWithEmptyField" time="0.341"/>
  <system-out/>
  <testcase classname="numpyninja.Tests.ResisterTest" name="EmptyPasswordTest" time="0.688"/>
  <system-out/>
  <testcase classname="numpyninja.Tests.ResisterTest" name="EmptyConfirmPassword" time="0.933"/>
  <system-out/>
  <testcase classname="numpyninja.Tests.ResisterTest" name="DiffPassword" time="0.853"/>
  <system-out/>
</testsuite> <!-- numpyninja.Tests.ResisterTest -->
