<?xml version="1.0" encoding="UTF-8"?>
<!-- Generated by org.testng.reporters.JUnitReportReporter -->
<testsuite hostname="LAPTOP-P9Q7UVUD" failures="0" tests="4" name="numpyninja.Tests.StackTest" time="10.948" errors="0" timestamp="2022-10-04T15:50:44 EDT" skipped="0">
  <testcase classname="numpyninja.Tests.StackTest" name="OperationInStack" time="2.772"/>
  <system-out/>
  <testcase classname="numpyninja.Tests.StackTest" name="implementation" time="2.436"/>
  <system-out/>
  <testcase classname="numpyninja.Tests.StackTest" name="applications" time="3.086"/>
  <system-out/>
  <testcase classname="numpyninja.Tests.StackTest" name="practiceQuestion1" time="2.654"/>
  <system-out/>
</testsuite> <!-- numpyninja.Tests.StackTest -->
