<?xml version="1.0" encoding="UTF-8"?>
<!-- Generated by org.testng.reporters.JUnitReportReporter -->
<testsuite hostname="DESKTOP-LHVOOHO" failures="0" tests="3" name="numpyninja.Tests.GraphTest" time="3.308" errors="0" timestamp="2022-10-02T00:24:24 EDT" skipped="0">
  <testcase classname="numpyninja.Tests.GraphTest" name="graphtopic" time="1.631"/>
  <system-out/>
  <testcase classname="numpyninja.Tests.GraphTest" name="graphRep" time="1.052"/>
  <system-out/>
  <testcase classname="numpyninja.Tests.GraphTest" name="practicequestions" time="0.625"/>
  <system-out/>
</testsuite> <!-- numpyninja.Tests.GraphTest -->
