<?xml version="1.0" encoding="UTF-8"?>
<!-- Generated by org.testng.reporters.JUnitReportReporter -->
<testsuite hostname="DESKTOP-LHVOOHO" failures="0" tests="4" name="numpyninja.Tests.ResisterTest" time="2.387" errors="0" timestamp="2022-09-27T10:03:39 EDT" skipped="0">
  <testcase classname="numpyninja.Tests.ResisterTest" name="RegisterWithEmptyField" time="0.333"/>
  <system-out/>
  <testcase classname="numpyninja.Tests.ResisterTest" name="EmptyPasswordTest" time="0.619"/>
  <system-out/>
  <testcase classname="numpyninja.Tests.ResisterTest" name="EmptyConfirmPassword" time="0.700"/>
  <system-out/>
  <testcase classname="numpyninja.Tests.ResisterTest" name="DiffPassword" time="0.735"/>
  <system-out/>
</testsuite> <!-- numpyninja.Tests.ResisterTest -->
