<?xml version="1.0" encoding="UTF-8"?>
<!-- Generated by org.testng.reporters.JUnitReportReporter -->
<testsuite hostname="DESKTOP-LHVOOHO" failures="0" tests="10" name="numpyninja.Tests.HomeTest" time="3.421" errors="0" timestamp="2022-09-20T13:24:46 EDT" skipped="0">
  <testcase classname="numpyninja.Tests.HomeTest" name="dropdownclick" time="0.552"/>
  <system-out/>
  <testcase classname="numpyninja.Tests.HomeTest" name="DSgetstarted" time="0.360"/>
  <system-out/>
  <testcase classname="numpyninja.Tests.HomeTest" name="Arraygetstarted" time="0.301"/>
  <system-out/>
  <testcase classname="numpyninja.Tests.HomeTest" name="linkedListgetstarted" time="0.311"/>
  <system-out/>
  <testcase classname="numpyninja.Tests.HomeTest" name="stackGetstarted" time="0.295"/>
  <system-out/>
  <testcase classname="numpyninja.Tests.HomeTest" name="queueGetstarted" time="0.381"/>
  <system-out/>
  <testcase classname="numpyninja.Tests.HomeTest" name="treeGetstarted" time="0.344"/>
  <system-out/>
  <testcase classname="numpyninja.Tests.HomeTest" name="graphGetstarted" time="0.334"/>
  <system-out/>
  <testcase classname="numpyninja.Tests.HomeTest" name="SigninValidation" time="0.305"/>
  <system-out/>
  <testcase classname="numpyninja.Tests.HomeTest" name="RegisterValidation" time="0.238"/>
  <system-out/>
</testsuite> <!-- numpyninja.Tests.HomeTest -->
