<?xml version="1.0" encoding="UTF-8"?>
<!-- Generated by org.testng.reporters.JUnitReportReporter -->
<testsuite hostname="LAPTOP-P9Q7UVUD" failures="0" tests="13" name="numpyninja.Tests.TreeTest" time="44.118" errors="0" timestamp="2022-10-04T15:50:44 EDT" skipped="0">
  <testcase classname="numpyninja.Tests.TreeTest" name="getOverviewOfTreesLink" time="3.068"/>
  <system-out/>
  <testcase classname="numpyninja.Tests.TreeTest" name="getTerminologiesLink" time="3.692"/>
  <system-out/>
  <testcase classname="numpyninja.Tests.TreeTest" name="getTypesOfTreesLink" time="3.076"/>
  <system-out/>
  <testcase classname="numpyninja.Tests.TreeTest" name="getTreeTraversalsLink" time="3.065"/>
  <system-out/>
  <testcase classname="numpyninja.Tests.TreeTest" name="getTraversalsIllustrationLink" time="3.095"/>
  <system-out/>
  <testcase classname="numpyninja.Tests.TreeTest" name="getBinaryTreesLink" time="3.213"/>
  <system-out/>
  <testcase classname="numpyninja.Tests.TreeTest" name="getTypesOfBinaryTreesLink" time="4.550"/>
  <system-out/>
  <testcase classname="numpyninja.Tests.TreeTest" name="getImplementaionInPythonLink" time="3.402"/>
  <system-out/>
  <testcase classname="numpyninja.Tests.TreeTest" name="getBinaryTreeTraversalsLink" time="3.240"/>
  <system-out/>
  <testcase classname="numpyninja.Tests.TreeTest" name="getImplementationOfbinaryTreeLink" time="3.451"/>
  <system-out/>
  <testcase classname="numpyninja.Tests.TreeTest" name="getApplicationOfbinaryTreeLink" time="3.450"/>
  <system-out/>
  <testcase classname="numpyninja.Tests.TreeTest" name="getBinarySearchTreesLink" time="2.839"/>
  <system-out/>
  <testcase classname="numpyninja.Tests.TreeTest" name="getImplementationOfBSTLink" time="3.977"/>
  <system-out/>
</testsuite> <!-- numpyninja.Tests.TreeTest -->
