<?xml version="1.0" encoding="UTF-8"?>
<!-- Generated by org.testng.reporters.JUnitReportReporter -->
<<<<<<< HEAD
<testsuite hostname="DESKTOP-LHVOOHO" failures="0" tests="1" name="numpyninja.Tests.LandingPageTest" time="2.293" errors="0" timestamp="2022-09-13T09:45:51 EDT" skipped="0">
  <testcase classname="numpyninja.Tests.LandingPageTest" name="goToPage" time="2.293"/>
=======
<testsuite hostname="MeenuS-World" failures="0" tests="1" name="numpyninja.Tests.LandingPageTest" time="2.874" errors="0" timestamp="2022-09-21T13:28:56 EDT" skipped="0">
  <testcase classname="numpyninja.Tests.LandingPageTest" name="goToPage" time="2.874"/>
>>>>>>> meenu
  <system-out/>
</testsuite> <!-- numpyninja.Tests.LandingPageTest -->
