<?xml version="1.0" encoding="UTF-8"?>
<!-- Generated by org.testng.reporters.JUnitReportReporter -->
<testsuite hostname="DESKTOP-LHVOOHO" failures="0" tests="9" name="numpyninja.Tests.ArrayTest" time="10.381" errors="0" timestamp="2022-09-27T14:20:28 EDT" skipped="0">
  <testcase classname="numpyninja.Tests.ArrayTest" name="ArraysInPythonClick" time="2.946"/>
  <system-out/>
  <testcase classname="numpyninja.Tests.ArrayTest" name="ArraysusinglistClick" time="1.131"/>
  <system-out/>
  <testcase classname="numpyninja.Tests.ArrayTest" name="BasicoperationsClick" time="1.031"/>
  <system-out/>
  <testcase classname="numpyninja.Tests.ArrayTest" name="ApplicationofarraysClick" time="0.871"/>
  <system-out/>
  <testcase classname="numpyninja.Tests.ArrayTest" name="PracticequestionsClick" time="0.301"/>
  <system-out/>
  <testcase classname="numpyninja.Tests.ArrayTest" name="SearchTheArrayClick" time="1.531"/>
  <system-out/>
  <testcase classname="numpyninja.Tests.ArrayTest" name="MaxConsecutiveOnesClick" time="0.826"/>
  <system-out/>
  <testcase classname="numpyninja.Tests.ArrayTest" name="FindNumbersClick" time="0.766"/>
  <system-out/>
  <testcase classname="numpyninja.Tests.ArrayTest" name="SquaresTabClick" time="0.978"/>
  <system-out/>
</testsuite> <!-- numpyninja.Tests.ArrayTest -->
