<?xml version="1.0" encoding="UTF-8"?>
<!-- Generated by org.testng.reporters.JUnitReportReporter -->
<testsuite hostname="DESKTOP-LHVOOHO" failures="0" tests="3" name="numpyninja.Tests.SignInTest" time="0.000" errors="0" timestamp="2022-09-21T10:44:56 EDT" skipped="3">
  <testcase classname="numpyninja.Tests.SignInTest" name="SignInwithoutentries" time="0.000">
    <skipped/>
  </testcase> <!-- SignInwithoutentries -->
  <system-out/>
  <testcase classname="numpyninja.Tests.SignInTest" name="EmptyPassword" time="0.000">
    <skipped/>
  </testcase> <!-- EmptyPassword -->
  <system-out/>
  <testcase classname="numpyninja.Tests.SignInTest" name="dslogin" time="0.000">
    <skipped/>
  </testcase> <!-- dslogin -->
  <system-out/>
</testsuite> <!-- numpyninja.Tests.SignInTest -->
