<?xml version="1.0" encoding="UTF-8"?>
<!-- Generated by org.testng.reporters.JUnitReportReporter -->
<testsuite hostname="MeenuS-World" failures="0" tests="1" name="numpyninja.Tests.LandingPageTest" time="3.187" errors="0" timestamp="2022-09-08T23:27:22 EDT" skipped="0">
  <testcase classname="numpyninja.Tests.LandingPageTest" name="goToPage" time="3.187"/>
  <system-out/>
</testsuite> <!-- numpyninja.Tests.LandingPageTest -->
