<?xml version="1.0" encoding="UTF-8"?>
<!-- Generated by org.testng.reporters.JUnitReportReporter -->
<testsuite hostname="LAPTOP-P9Q7UVUD" failures="0" tests="3" name="numpyninja.Tests.GraphTest" time="4.326" errors="0" timestamp="2022-09-22T10:25:50 EDT" skipped="0">
  <testcase classname="numpyninja.Tests.GraphTest" name="graphtopic" time="1.681"/>
  <system-out/>
  <testcase classname="numpyninja.Tests.GraphTest" name="graphRep" time="1.648"/>
  <system-out/>
  <testcase classname="numpyninja.Tests.GraphTest" name="practicequestions" time="0.997"/>
  <system-out/>
</testsuite> <!-- numpyninja.Tests.GraphTest -->
