<?xml version="1.0" encoding="UTF-8"?>
<!-- Generated by org.testng.reporters.JUnitReportReporter -->
<testsuite hostname="DESKTOP-LHVOOHO" failures="0" tests="7" name="numpyninja.Tests.LinkedListTest" time="7.961" errors="0" timestamp="2022-09-27T14:20:28 EDT" skipped="0">
  <testcase classname="numpyninja.Tests.LinkedListTest" name="introLinkedlist" time="1.639"/>
  <system-out/>
  <testcase classname="numpyninja.Tests.LinkedListTest" name="creatingLinkedList" time="0.943"/>
  <system-out/>
  <testcase classname="numpyninja.Tests.LinkedListTest" name="typeOfLinkedList" time="0.964"/>
  <system-out/>
  <testcase classname="numpyninja.Tests.LinkedListTest" name="implementLinkedList" time="1.108"/>
  <system-out/>
  <testcase classname="numpyninja.Tests.LinkedListTest" name="traversal" time="1.022"/>
  <system-out/>
  <testcase classname="numpyninja.Tests.LinkedListTest" name="deletion" time="1.068"/>
  <system-out/>
  <testcase classname="numpyninja.Tests.LinkedListTest" name="practiceQuestion" time="1.217"/>
  <system-out/>
</testsuite> <!-- numpyninja.Tests.LinkedListTest -->
