<?xml version="1.0" encoding="UTF-8"?>
<!-- Generated by org.testng.reporters.JUnitReportReporter -->
<testsuite hostname="DESKTOP-LHVOOHO" failures="0" tests="1" name="numpyninja.Tests.SignInTest" time="6.431" errors="0" timestamp="2022-10-02T00:24:24 EDT" skipped="0">
  <testcase classname="numpyninja.Tests.SignInTest" name="dslogin" time="6.431"/>
  <system-out/>
</testsuite> <!-- numpyninja.Tests.SignInTest -->
