<?xml version="1.0" encoding="UTF-8"?>
<!-- Generated by org.testng.reporters.JUnitReportReporter -->
<testsuite hostname="DESKTOP-LHVOOHO" failures="0" tests="5" name="numpyninja.Tests.DataStructureTest" time="5.851" errors="0" timestamp="2022-09-22T20:29:01 EDT" skipped="0">
  <testcase classname="numpyninja.Tests.DataStructureTest" name="introDatastructure" time="2.352"/>
  <system-out/>
  <testcase classname="numpyninja.Tests.DataStructureTest" name="TimeComplexity" time="0.454"/>
  <system-out/>
  <testcase classname="numpyninja.Tests.DataStructureTest" name="PracticeQuestion" time="0.493"/>
  <system-out/>
  <testcase classname="numpyninja.Tests.DataStructureTest" name="TryHere" time="1.203"/>
  <system-out/>
  <testcase classname="numpyninja.Tests.DataStructureTest" name="TryEditor" time="1.349"/>
  <system-out/>
</testsuite> <!-- numpyninja.Tests.DataStructureTest -->
