<?xml version="1.0" encoding="UTF-8"?>
<!-- Generated by org.testng.reporters.JUnitReportReporter -->
<testsuite hostname="DESKTOP-LHVOOHO" failures="0" tests="10" name="numpyninja.Tests.HomeTest" time="5.229" errors="0" timestamp="2022-09-21T21:55:32 EDT" skipped="0">
  <testcase classname="numpyninja.Tests.HomeTest" name="dropdownclick" time="0.659"/>
  <system-out/>
  <testcase classname="numpyninja.Tests.HomeTest" name="DSgetstarted" time="0.401"/>
  <system-out/>
  <testcase classname="numpyninja.Tests.HomeTest" name="Arraygetstarted" time="0.451"/>
  <system-out/>
  <testcase classname="numpyninja.Tests.HomeTest" name="linkedListgetstarted" time="0.499"/>
  <system-out/>
  <testcase classname="numpyninja.Tests.HomeTest" name="stackGetstarted" time="0.737"/>
  <system-out/>
  <testcase classname="numpyninja.Tests.HomeTest" name="queueGetstarted" time="0.424"/>
  <system-out/>
  <testcase classname="numpyninja.Tests.HomeTest" name="treeGetstarted" time="0.507"/>
  <system-out/>
  <testcase classname="numpyninja.Tests.HomeTest" name="graphGetstarted" time="0.694"/>
  <system-out/>
  <testcase classname="numpyninja.Tests.HomeTest" name="SigninValidation" time="0.385"/>
  <system-out/>
  <testcase classname="numpyninja.Tests.HomeTest" name="RegisterValidation" time="0.472"/>
  <system-out/>
</testsuite> <!-- numpyninja.Tests.HomeTest -->
