<?xml version="1.0" encoding="UTF-8"?>
<!-- Generated by org.testng.reporters.JUnitReportReporter -->
<testsuite hostname="DESKTOP-LHVOOHO" failures="0" tests="1" name="numpyninja.Tests.DataStructureTest" time="1.501" errors="0" timestamp="2022-09-23T09:24:48 EDT" skipped="0">
  <testcase classname="numpyninja.Tests.DataStructureTest" name="introDatastructure" time="1.501"/>
  <system-out/>
</testsuite> <!-- numpyninja.Tests.DataStructureTest -->
