<?xml version="1.0" encoding="UTF-8"?>
<!-- Generated by org.testng.reporters.JUnitReportReporter -->
<testsuite hostname="DESKTOP-LHVOOHO" failures="0" tests="4" name="numpyninja.Tests.StackTest" time="4.426" errors="0" timestamp="2022-10-02T00:24:24 EDT" skipped="0">
  <testcase classname="numpyninja.Tests.StackTest" name="OperationInStack" time="2.499"/>
  <system-out/>
  <testcase classname="numpyninja.Tests.StackTest" name="implementation" time="0.804"/>
  <system-out/>
  <testcase classname="numpyninja.Tests.StackTest" name="applications" time="0.868"/>
  <system-out/>
  <testcase classname="numpyninja.Tests.StackTest" name="practiceQuestion1" time="0.255"/>
  <system-out/>
</testsuite> <!-- numpyninja.Tests.StackTest -->
