<?xml version="1.0" encoding="UTF-8"?>
<!-- Generated by org.testng.reporters.JUnitReportReporter -->
<testsuite hostname="DESKTOP-LHVOOHO" failures="0" tests="1" name="numpyninja.Tests.SignInTest" time="3.552" errors="0" timestamp="2022-09-27T14:20:28 EDT" skipped="0">
  <testcase classname="numpyninja.Tests.SignInTest" name="dslogin" time="3.552"/>
  <system-out/>
</testsuite> <!-- numpyninja.Tests.SignInTest -->
